<?xml version="1.0" encoding="UTF-8"?>
<testng-results ignored="0" total="1" passed="1" failed="0" skipped="0">
  <reporter-output>
  </reporter-output>
  <suite started-at="2025-06-28T20:13:36 IST" name="Surefire suite" finished-at="2025-06-28T20:13:45 IST" duration-ms="9005">
    <groups>
      <group name="regression">
        <method signature="HomePageTest.testWebpageIsAvailable()[pri:0, instance:tests.HomePageTest@3d680b5a]" name="testWebpageIsAvailable" class="tests.HomePageTest"/>
      </group> <!-- regression -->
      <group name="smoke">
        <method signature="HomePageTest.testWebpageIsAvailable()[pri:0, instance:tests.HomePageTest@3d680b5a]" name="testWebpageIsAvailable" class="tests.HomePageTest"/>
      </group> <!-- smoke -->
      <group name="sanity">
        <method signature="HomePageTest.testWebpageIsAvailable()[pri:0, instance:tests.HomePageTest@3d680b5a]" name="testWebpageIsAvailable" class="tests.HomePageTest"/>
      </group> <!-- sanity -->
    </groups>
    <test started-at="2025-06-28T20:13:36 IST" name="Surefire test" finished-at="2025-06-28T20:13:45 IST" duration-ms="9005">
      <class name="tests.HomePageTest">
        <test-method is-config="true" signature="setUp()[pri:0, instance:tests.HomePageTest@3d680b5a]" started-at="2025-06-28T20:13:36 IST" name="setUp" finished-at="2025-06-28T20:13:38 IST" duration-ms="2297" status="PASS">
          <reporter-output>
          </reporter-output>
        </test-method> <!-- setUp -->
        <test-method signature="testWebpageIsAvailable()[pri:0, instance:tests.HomePageTest@3d680b5a]" started-at="2025-06-28T20:13:38 IST" name="testWebpageIsAvailable" finished-at="2025-06-28T20:13:45 IST" duration-ms="6122" status="PASS">
          <reporter-output>
          </reporter-output>
        </test-method> <!-- testWebpageIsAvailable -->
        <test-method is-config="true" signature="tearDown()[pri:0, instance:tests.HomePageTest@3d680b5a]" started-at="2025-06-28T20:13:45 IST" name="tearDown" finished-at="2025-06-28T20:13:45 IST" duration-ms="525" status="PASS">
          <reporter-output>
          </reporter-output>
        </test-method> <!-- tearDown -->
      </class> <!-- tests.HomePageTest -->
    </test> <!-- Surefire test -->
  </suite> <!-- Surefire suite -->
</testng-results>
